# JRE version: Java(TM) SE Runtime Environment (8.0_102-b14) (build 1.8.0_102-b14)
# Java VM: Java HotSpot(TM) Client VM (25.102-b14 mixed mode windows-x86 )
Heap:
 def new generation   total 4928K, used 4928K [0x04800000, 0x04d50000, 0x19d50000)
  eden space 4416K, 100% used [0x04800000, 0x04c50000, 0x04c50000)
  from space 512K, 100% used [0x04c50000, 0x04cd0000, 0x04cd0000)
  to   space 512K,  80% used [0x04cd0000, 0x04d36b08, 0x04d50000)
 tenured generation   total 10944K, used 10944K [0x19d50000, 0x1a801000, 0x44800000)
   the space 10944K, 100% used [0x19d50000, 0x1a800000, 0x1a800000, 0x1a800000)
 Metaspace       used 3319K, capacity 3462K, committed 3520K, reserved 4480K
GC Heap History (10 events):
Event: 0.900 GC heap after
Heap after GC invocations=8 (full 0):
 def new generation   total 4928K, used 512K [0x04800000, 0x04d50000, 0x19d50000)
  eden space 4416K,   0% used [0x04800000, 0x04800000, 0x04c50000)
  from space 512K, 100% used [0x04c50000, 0x04cd0000, 0x04cd0000)
  to   space 512K,   0% used [0x04cd0000, 0x04cd0000, 0x04d50000)
 tenured generation   total 10944K, used 6923K [0x19d50000, 0x1a800000, 0x44800000)
   the space 10944K,  63% used [0x19d50000, 0x1a412ea8, 0x1a413000, 0x1a800000)
 Metaspace       used 3319K, capacity 3462K, committed 3520K, reserved 4480K
}
Event: 0.926 GC heap before
{Heap before GC invocations=8 (full 0):
 def new generation   total 4928K, used 4928K [0x04800000, 0x04d50000, 0x19d50000)
  eden space 4416K, 100% used [0x04800000, 0x04c50000, 0x04c50000)
  from space 512K, 100% used [0x04c50000, 0x04cd0000, 0x04cd0000)
  to   space 512K,   0% used [0x04cd0000, 0x04cd0000, 0x04d50000)
 tenured generation   total 10944K, used 6923K [0x19d50000, 0x1a800000, 0x44800000)
   the space 10944K,  63% used [0x19d50000, 0x1a412ea8, 0x1a413000, 0x1a800000)
 Metaspace       used 3319K, capacity 3462K, committed 3520K, reserved 4480K
Event: 0.930 GC heap after
Heap after GC invocations=9 (full 0):
 def new generation   total 4928K, used 512K [0x04800000, 0x04d50000, 0x19d50000)
  eden space 4416K,   0% used [0x04800000, 0x04800000, 0x04c50000)
  from space 512K, 100% used [0x04cd0000, 0x04d50000, 0x04d50000)
  to   space 512K,   0% used [0x04c50000, 0x04c50000, 0x04cd0000)
 tenured generation   total 10944K, used 8006K [0x19d50000, 0x1a800000, 0x44800000)
   the space 10944K,  73% used [0x19d50000, 0x1a521980, 0x1a521a00, 0x1a800000)
 Metaspace       used 3319K, capacity 3462K, committed 3520K, reserved 4480K
}
Event: 0.942 GC heap before
{Heap before GC invocations=9 (full 0):
 def new generation   total 4928K, used 4928K [0x04800000, 0x04d50000, 0x19d50000)
  eden space 4416K, 100% used [0x04800000, 0x04c50000, 0x04c50000)
  from space 512K, 100% used [0x04cd0000, 0x04d50000, 0x04d50000)
  to   space 512K,   0% used [0x04c50000, 0x04c50000, 0x04cd0000)
 tenured generation   total 10944K, used 8006K [0x19d50000, 0x1a800000, 0x44800000)
   the space 10944K,  73% used [0x19d50000, 0x1a521980, 0x1a521a00, 0x1a800000)
 Metaspace       used 3319K, capacity 3462K, committed 3520K, reserved 4480K
Event: 0.947 GC heap after
Heap after GC invocations=10 (full 0):
 def new generation   total 4928K, used 511K [0x04800000, 0x04d50000, 0x19d50000)
  eden space 4416K,   0% used [0x04800000, 0x04800000, 0x04c50000)
  from space 512K,  99% used [0x04c50000, 0x04ccfff8, 0x04cd0000)
  to   space 512K,   0% used [0x04cd0000, 0x04cd0000, 0x04d50000)
 tenured generation   total 10944K, used 8990K [0x19d50000, 0x1a800000, 0x44800000)
   the space 10944K,  82% used [0x19d50000, 0x1a617b88, 0x1a617c00, 0x1a800000)
 Metaspace       used 3319K, capacity 3462K, committed 3520K, reserved 4480K
}
Event: 0.964 GC heap before
{Heap before GC invocations=10 (full 0):
 def new generation   total 4928K, used 4927K [0x04800000, 0x04d50000, 0x19d50000)
  eden space 4416K, 100% used [0x04800000, 0x04c50000, 0x04c50000)
  from space 512K,  99% used [0x04c50000, 0x04ccfff8, 0x04cd0000)
  to   space 512K,   0% used [0x04cd0000, 0x04cd0000, 0x04d50000)
 tenured generation   total 10944K, used 8990K [0x19d50000, 0x1a800000, 0x44800000)
   the space 10944K,  82% used [0x19d50000, 0x1a617b88, 0x1a617c00, 0x1a800000)
 Metaspace       used 3319K, capacity 3462K, committed 3520K, reserved 4480K
Event: 0.968 GC heap after
Heap after GC invocations=11 (full 0):
 def new generation   total 4928K, used 512K [0x04800000, 0x04d50000, 0x19d50000)
  eden space 4416K,   0% used [0x04800000, 0x04800000, 0x04c50000)
  from space 512K, 100% used [0x04cd0000, 0x04d50000, 0x04d50000)
  to   space 512K,   0% used [0x04c50000, 0x04c50000, 0x04cd0000)
 tenured generation   total 10944K, used 9713K [0x19d50000, 0x1a800000, 0x44800000)
   the space 10944K,  88% used [0x19d50000, 0x1a6cc468, 0x1a6cc600, 0x1a800000)
 Metaspace       used 3319K, capacity 3462K, committed 3520K, reserved 4480K
}
Event: 0.984 GC heap before
{Heap before GC invocations=11 (full 0):
 def new generation   total 4928K, used 4928K [0x04800000, 0x04d50000, 0x19d50000)
  eden space 4416K, 100% used [0x04800000, 0x04c50000, 0x04c50000)
  from space 512K, 100% used [0x04cd0000, 0x04d50000, 0x04d50000)
  to   space 512K,   0% used [0x04c50000, 0x04c50000, 0x04cd0000)
 tenured generation   total 10944K, used 9713K [0x19d50000, 0x1a800000, 0x44800000)
   the space 10944K,  88% used [0x19d50000, 0x1a6cc468, 0x1a6cc600, 0x1a800000)
 Metaspace       used 3319K, capacity 3462K, committed 3520K, reserved 4480K
Event: 0.988 GC heap after
Heap after GC invocations=12 (full 0):
 def new generation   total 4928K, used 512K [0x04800000, 0x04d50000, 0x19d50000)
  eden space 4416K,   0% used [0x04800000, 0x04800000, 0x04c50000)
  from space 512K, 100% used [0x04c50000, 0x04cd0000, 0x04cd0000)
  to   space 512K,   0% used [0x04cd0000, 0x04cd0000, 0x04d50000)
 tenured generation   total 10944K, used 10832K [0x19d50000, 0x1a800000, 0x44800000)
   the space 10944K,  98% used [0x19d50000, 0x1a7e4378, 0x1a7e4400, 0x1a800000)
 Metaspace       used 3319K, capacity 3462K, committed 3520K, reserved 4480K
}
Event: 1.004 GC heap before
{Heap before GC invocations=12 (full 0):
 def new generation   total 4928K, used 4928K [0x04800000, 0x04d50000, 0x19d50000)
  eden space 4416K, 100% used [0x04800000, 0x04c50000, 0x04c50000)
  from space 512K, 100% used [0x04c50000, 0x04cd0000, 0x04cd0000)
  to   space 512K,   0% used [0x04cd0000, 0x04cd0000, 0x04d50000)
 tenured generation   total 10944K, used 10832K [0x19d50000, 0x1a800000, 0x44800000)
   the space 10944K,  98% used [0x19d50000, 0x1a7e4378, 0x1a7e4400, 0x1a800000)
 Metaspace       used 3319K, capacity 3462K, committed 3520K, reserved 4480K

